App started at 2026-06-10T16:25:46.848Z
LOG:  [syncEvents] Started at 2026-06-10T16:25:47.932Z   
LOG:  Running initial syncEvents   
LOG:  [syncEvents] Started at 2026-06-10T16:25:47.940Z   
LOG:  connected successfully   
LOG:  server started on port 9000  
LOG:  Remaining Requests:   
LOG:  Remaining Requests:   
LOG:  Remaining Requests:   
LOG:  No fresh events for league 5, marked all as expired   
LOG:  Remaining Requests:   
LOG:  No fresh events for league 5, marked all as expired   
LOG:  Remaining Requests:   
LOG:  No fresh events for league 1, marked all as expired   
LOG:  Remaining Requests:   
LOG:  No fresh events for league 1, marked all as expired   
LOG:  Remaining Requests:   
LOG:  No fresh events for league 2, marked all as expired   
LOG:  Remaining Requests:   
LOG:  No fresh events for league 2, marked all as expired   
